<?xml version="1.0" encoding="UTF-8"?>
<!-- Generated by org.testng.reporters.JUnitXMLReporter -->
<testsuite ignored="0" hostname="DESKTOP-65ORIUD" failures="0" tests="3" name="Test" time="123.046" errors="0" timestamp="2025-02-02T16:51:12 IST">
  <testcase classname="packageofamazon1.Project_Maven_Amazon.TestCase1" name="test" time="15.59"/>
  <testcase classname="packageofamazon1.Project_Maven_Amazon.TestCase2" name="test" time="29.828"/>
  <testcase classname="packageofamazon1.Project_Maven_Amazon.TestCase3" name="test" time="33.457"/>
</testsuite> <!-- Test -->
