<?xml version="1.0" encoding="UTF-8"?>
<testng-results ignored="0" total="3" passed="3" failed="0" skipped="0">
  <reporter-output>
  </reporter-output>
  <suite started-at="2025-02-02T16:49:09 IST" name="Suite" finished-at="2025-02-02T16:51:12 IST" duration-ms="123046">
    <groups>
    </groups>
    <test started-at="2025-02-02T16:49:09 IST" name="Test" finished-at="2025-02-02T16:51:12 IST" duration-ms="123046">
      <class name="packageofamazon1.Project_Maven_Amazon.TestCase1">
        <test-method is-config="true" signature="launch()[pri:0, instance:packageofamazon1.Project_Maven_Amazon.TestCase1@7e0b85f9]" started-at="2025-02-02T16:49:09 IST" name="launch" finished-at="2025-02-02T16:49:20 IST" duration-ms="10999" status="PASS">
          <reporter-output>
          </reporter-output>
        </test-method> <!-- launch -->
        <test-method signature="test()[pri:0, instance:packageofamazon1.Project_Maven_Amazon.TestCase1@7e0b85f9]" started-at="2025-02-02T16:49:20 IST" name="test" finished-at="2025-02-02T16:49:36 IST" duration-ms="15590" status="PASS">
          <reporter-output>
          </reporter-output>
        </test-method> <!-- test -->
        <test-method is-config="true" signature="quit()[pri:0, instance:packageofamazon1.Project_Maven_Amazon.TestCase1@7e0b85f9]" started-at="2025-02-02T16:49:36 IST" name="quit" finished-at="2025-02-02T16:49:43 IST" duration-ms="7495" status="PASS">
          <reporter-output>
          </reporter-output>
        </test-method> <!-- quit -->
      </class> <!-- packageofamazon1.Project_Maven_Amazon.TestCase1 -->
      <class name="packageofamazon1.Project_Maven_Amazon.TestCase2">
        <test-method is-config="true" signature="launch()[pri:0, instance:packageofamazon1.Project_Maven_Amazon.TestCase2@20deea7f]" started-at="2025-02-02T16:49:43 IST" name="launch" finished-at="2025-02-02T16:49:49 IST" duration-ms="5775" status="PASS">
          <reporter-output>
          </reporter-output>
        </test-method> <!-- launch -->
        <test-method signature="test()[pri:0, instance:packageofamazon1.Project_Maven_Amazon.TestCase2@20deea7f]" started-at="2025-02-02T16:49:49 IST" name="test" finished-at="2025-02-02T16:50:19 IST" duration-ms="29828" status="PASS">
          <reporter-output>
          </reporter-output>
        </test-method> <!-- test -->
        <test-method is-config="true" signature="quit()[pri:0, instance:packageofamazon1.Project_Maven_Amazon.TestCase2@20deea7f]" started-at="2025-02-02T16:50:19 IST" name="quit" finished-at="2025-02-02T16:50:27 IST" duration-ms="7529" status="PASS">
          <reporter-output>
          </reporter-output>
        </test-method> <!-- quit -->
      </class> <!-- packageofamazon1.Project_Maven_Amazon.TestCase2 -->
      <class name="packageofamazon1.Project_Maven_Amazon.TestCase3">
        <test-method is-config="true" signature="launch()[pri:0, instance:packageofamazon1.Project_Maven_Amazon.TestCase3@3835c46]" started-at="2025-02-02T16:50:27 IST" name="launch" finished-at="2025-02-02T16:50:31 IST" duration-ms="4805" status="PASS">
          <reporter-output>
          </reporter-output>
        </test-method> <!-- launch -->
        <test-method signature="test()[pri:0, instance:packageofamazon1.Project_Maven_Amazon.TestCase3@3835c46]" started-at="2025-02-02T16:50:31 IST" name="test" finished-at="2025-02-02T16:51:05 IST" duration-ms="33457" status="PASS">
          <reporter-output>
          </reporter-output>
        </test-method> <!-- test -->
        <test-method is-config="true" signature="quit()[pri:0, instance:packageofamazon1.Project_Maven_Amazon.TestCase3@3835c46]" started-at="2025-02-02T16:51:05 IST" name="quit" finished-at="2025-02-02T16:51:12 IST" duration-ms="7493" status="PASS">
          <reporter-output>
          </reporter-output>
        </test-method> <!-- quit -->
      </class> <!-- packageofamazon1.Project_Maven_Amazon.TestCase3 -->
    </test> <!-- Test -->
  </suite> <!-- Suite -->
</testng-results>
