<?xml version="1.0" encoding="UTF-8"?>
<testng-results ignored="0" total="1" passed="1" failed="0" skipped="0">
  <reporter-output>
  </reporter-output>
  <suite started-at="2025-01-30T22:26:40 IST" name="Default suite" finished-at="2025-01-30T22:27:20 IST" duration-ms="39903">
    <groups>
    </groups>
    <test started-at="2025-01-30T22:26:40 IST" name="Default test" finished-at="2025-01-30T22:27:20 IST" duration-ms="39903">
      <class name="packageofamazon1.Project_Maven_Amazon.TestCase1">
        <test-method is-config="true" signature="launch()[pri:0, instance:packageofamazon1.Project_Maven_Amazon.TestCase1@188715b5]" started-at="2025-01-30T22:26:40 IST" name="launch" finished-at="2025-01-30T22:26:50 IST" duration-ms="9793" status="PASS">
          <reporter-output>
          </reporter-output>
        </test-method> <!-- launch -->
        <test-method signature="test()[pri:0, instance:packageofamazon1.Project_Maven_Amazon.TestCase1@188715b5]" started-at="2025-01-30T22:26:50 IST" name="test" finished-at="2025-01-30T22:27:13 IST" duration-ms="23417" status="PASS">
          <reporter-output>
          </reporter-output>
        </test-method> <!-- test -->
        <test-method is-config="true" signature="quit()[pri:0, instance:packageofamazon1.Project_Maven_Amazon.TestCase1@188715b5]" started-at="2025-01-30T22:27:13 IST" name="quit" finished-at="2025-01-30T22:27:20 IST" duration-ms="6602" status="PASS">
          <reporter-output>
          </reporter-output>
        </test-method> <!-- quit -->
      </class> <!-- packageofamazon1.Project_Maven_Amazon.TestCase1 -->
    </test> <!-- Default test -->
  </suite> <!-- Default suite -->
</testng-results>
